<?xml version="1.0" encoding="UTF-8"?>
<!-- Generated by org.testng.reporters.JUnitXMLReporter -->
<testsuite ignored="2" hostname="Sumits-MacBook-Pro.local" failures="0" tests="1" name="Default test" time="26.657" errors="0" timestamp="2022-08-08T18:31:22 IST">
  <testcase classname="testcases.LoginTest" name="LoginSuccessTest" time="15.695"/>
  <testcase classname="testcases.LoginTest" name="LoginFaliureTest" time="0.0">
    <ignored/>
  </testcase> <!-- LoginFaliureTest -->
  <testcase classname="testcases.LoginTest" name="ExternalDataTest" time="0.0">
    <ignored/>
  </testcase> <!-- ExternalDataTest -->
</testsuite> <!-- Default test -->
