<?xml version="1.0" encoding="UTF-8"?>
<!-- Generated by org.testng.reporters.JUnitXMLReporter -->
<testsuite ignored="0" hostname="Sumits-MacBook-Pro.local" failures="0" tests="4" name="Test" time="98.98" errors="0" timestamp="2022-08-08T18:38:10 IST">
  <testcase classname="testcases.LoginTest" name="ExternalDataTest" time="14.245"/>
  <testcase classname="testcases.LoginTest" name="LoginFaliureTest" time="13.154"/>
  <testcase classname="testcases.LoginTest" name="LoginSuccessTest" time="14.491"/>
  <testcase classname="testcases.LoginTest" name="ParameterizedTest" time="20.146"/>
</testsuite> <!-- Test -->
