<?xml version="1.0" encoding="UTF-8"?>
<!-- Generated by org.testng.reporters.JUnitXMLReporter -->
<testsuite ignored="0" hostname="Sumits-MacBook-Pro.local" failures="0" tests="4" name="Test" time="95.359" errors="0" timestamp="2022-08-09T06:54:16 IST">
  <testcase classname="testcases.LoginTest" name="ExternalDataTest" time="14.521"/>
  <testcase classname="testcases.LoginTest" name="LoginFaliureTest" time="14.197"/>
  <testcase classname="testcases.LoginTest" name="LoginSuccessTest" time="16.018"/>
  <testcase classname="testcases.LoginTest" name="ParameterizedTest" time="14.167"/>
</testsuite> <!-- Test -->
