<?xml version="1.0" encoding="UTF-8"?>
<testng-results ignored="0" total="4" passed="4" failed="0" skipped="0">
  <reporter-output>
  </reporter-output>
  <suite started-at="2022-08-09T06:52:40 IST" name="Suite" finished-at="2022-08-09T06:54:16 IST" duration-ms="95359">
    <groups>
    </groups>
    <test started-at="2022-08-09T06:52:40 IST" name="Test" finished-at="2022-08-09T06:54:16 IST" duration-ms="95359">
      <class name="testcases.LoginTest">
        <test-method is-config="true" signature="DataSetup()[pri:0, instance:testcases.LoginTest@1253e7cb]" started-at="2022-08-09T06:52:40 IST" name="DataSetup" finished-at="2022-08-09T06:52:41 IST" duration-ms="700" status="PASS">
          <reporter-output>
          </reporter-output>
        </test-method> <!-- DataSetup -->
        <test-method is-config="true" signature="SetUp(java.lang.reflect.Method)[pri:0, instance:testcases.LoginTest@1253e7cb]" started-at="2022-08-09T06:52:41 IST" name="SetUp" finished-at="2022-08-09T06:52:53 IST" duration-ms="11384" status="PASS">
          <params>
            <param index="0">
              <value>
                <![CDATA[public void testcases.LoginTest.ExternalDataTest()]]>
              </value>
            </param>
          </params>
          <reporter-output>
          </reporter-output>
        </test-method> <!-- SetUp -->
        <test-method signature="ExternalDataTest()[pri:0, instance:testcases.LoginTest@1253e7cb]" started-at="2022-08-09T06:52:53 IST" name="ExternalDataTest" finished-at="2022-08-09T06:53:07 IST" duration-ms="14521" status="PASS">
          <reporter-output>
          </reporter-output>
        </test-method> <!-- ExternalDataTest -->
        <test-method is-config="true" signature="TearDown()[pri:0, instance:testcases.LoginTest@1253e7cb]" started-at="2022-08-09T06:53:07 IST" name="TearDown" finished-at="2022-08-09T06:53:07 IST" duration-ms="163" status="PASS">
          <reporter-output>
          </reporter-output>
        </test-method> <!-- TearDown -->
        <test-method is-config="true" signature="SetUp(java.lang.reflect.Method)[pri:0, instance:testcases.LoginTest@1253e7cb]" started-at="2022-08-09T06:53:07 IST" name="SetUp" finished-at="2022-08-09T06:53:15 IST" duration-ms="7545" status="PASS">
          <params>
            <param index="0">
              <value>
                <![CDATA[public void testcases.LoginTest.LoginFaliureTest()]]>
              </value>
            </param>
          </params>
          <reporter-output>
          </reporter-output>
        </test-method> <!-- SetUp -->
        <test-method signature="LoginFaliureTest()[pri:0, instance:testcases.LoginTest@1253e7cb]" started-at="2022-08-09T06:53:15 IST" name="LoginFaliureTest" finished-at="2022-08-09T06:53:29 IST" duration-ms="14197" status="PASS">
          <reporter-output>
          </reporter-output>
        </test-method> <!-- LoginFaliureTest -->
        <test-method is-config="true" signature="TearDown()[pri:0, instance:testcases.LoginTest@1253e7cb]" started-at="2022-08-09T06:53:29 IST" name="TearDown" finished-at="2022-08-09T06:53:29 IST" duration-ms="116" status="PASS">
          <reporter-output>
          </reporter-output>
        </test-method> <!-- TearDown -->
        <test-method is-config="true" signature="SetUp(java.lang.reflect.Method)[pri:0, instance:testcases.LoginTest@1253e7cb]" started-at="2022-08-09T06:53:29 IST" name="SetUp" finished-at="2022-08-09T06:53:37 IST" duration-ms="7944" status="PASS">
          <params>
            <param index="0">
              <value>
                <![CDATA[public void testcases.LoginTest.LoginSuccessTest()]]>
              </value>
            </param>
          </params>
          <reporter-output>
          </reporter-output>
        </test-method> <!-- SetUp -->
        <test-method signature="LoginSuccessTest()[pri:0, instance:testcases.LoginTest@1253e7cb]" started-at="2022-08-09T06:53:37 IST" name="LoginSuccessTest" finished-at="2022-08-09T06:53:53 IST" duration-ms="16018" status="PASS">
          <reporter-output>
          </reporter-output>
        </test-method> <!-- LoginSuccessTest -->
        <test-method is-config="true" signature="TearDown()[pri:0, instance:testcases.LoginTest@1253e7cb]" started-at="2022-08-09T06:53:53 IST" name="TearDown" finished-at="2022-08-09T06:53:53 IST" duration-ms="135" status="PASS">
          <reporter-output>
          </reporter-output>
        </test-method> <!-- TearDown -->
        <test-method is-config="true" signature="SetUp(java.lang.reflect.Method)[pri:0, instance:testcases.LoginTest@1253e7cb]" started-at="2022-08-09T06:53:53 IST" name="SetUp" finished-at="2022-08-09T06:54:01 IST" duration-ms="7910" status="PASS">
          <params>
            <param index="0">
              <value>
                <![CDATA[public void testcases.LoginTest.ParameterizedTest(java.lang.String,java.lang.String)]]>
              </value>
            </param>
          </params>
          <reporter-output>
          </reporter-output>
        </test-method> <!-- SetUp -->
        <test-method signature="ParameterizedTest(java.lang.String,java.lang.String)[pri:0, instance:testcases.LoginTest@1253e7cb]" started-at="2022-08-09T06:54:01 IST" name="ParameterizedTest" finished-at="2022-08-09T06:54:15 IST" duration-ms="14167" status="PASS">
          <params>
            <param index="0">
              <value>
                <![CDATA[abc@gmail.com]]>
              </value>
            </param>
            <param index="1">
              <value>
                <![CDATA[@854Rusia]]>
              </value>
            </param>
          </params>
          <reporter-output>
          </reporter-output>
        </test-method> <!-- ParameterizedTest -->
        <test-method is-config="true" signature="TearDown()[pri:0, instance:testcases.LoginTest@1253e7cb]" started-at="2022-08-09T06:54:15 IST" name="TearDown" finished-at="2022-08-09T06:54:15 IST" duration-ms="163" status="PASS">
          <reporter-output>
          </reporter-output>
        </test-method> <!-- TearDown -->
        <test-method is-config="true" signature="DataTearDown()[pri:0, instance:testcases.LoginTest@1253e7cb]" started-at="2022-08-09T06:54:15 IST" name="DataTearDown" finished-at="2022-08-09T06:54:16 IST" duration-ms="342" status="PASS">
          <reporter-output>
          </reporter-output>
        </test-method> <!-- DataTearDown -->
      </class> <!-- testcases.LoginTest -->
    </test> <!-- Test -->
  </suite> <!-- Suite -->
</testng-results>
